<?xml version="1.0" encoding="UTF-8"?>
<!-- Generated by org.testng.reporters.JUnitReportReporter -->
<testsuite hostname="arun-asus" failures="0" tests="2" name="tests.TC_007_FinalLogoutTest" time="53.407" errors="0" timestamp="2024-12-17T12:23:20 IST" skipped="0">
  <testcase classname="tests.TC_007_FinalLogoutTest" name="finalLogoutTest" time="25.498"/>
  <system-out/>
  <testcase classname="tests.TC_007_FinalLogoutTest" name="finalLogoutTest" time="27.909"/>
  <system-out/>
</testsuite> <!-- tests.TC_007_FinalLogoutTest -->
