<?xml version="1.0" encoding="UTF-8"?>
<!-- Generated by org.testng.reporters.JUnitReportReporter -->
<testsuite hostname="arun-asus" failures="0" tests="2" name="tests.TC_005_ContactEditingTest" time="41.783" errors="0" timestamp="2024-12-17T12:23:20 IST" skipped="0">
  <testcase classname="tests.TC_005_ContactEditingTest" name="contactEditingTest" time="20.117"/>
  <system-out/>
  <testcase classname="tests.TC_005_ContactEditingTest" name="contactEditingTest" time="21.666"/>
  <system-out/>
</testsuite> <!-- tests.TC_005_ContactEditingTest -->
