<?xml version="1.0" encoding="UTF-8"?>
<!-- Generated by org.testng.reporters.JUnitReportReporter -->
<testsuite hostname="arun-asus" failures="0" tests="2" name="tests.TC_006_ContactDeletingTest" time="27.567" errors="0" timestamp="2024-12-17T12:23:20 IST" skipped="0">
  <testcase classname="tests.TC_006_ContactDeletingTest" name="contactDeletingTest" time="12.737"/>
  <system-out/>
  <testcase classname="tests.TC_006_ContactDeletingTest" name="contactDeletingTest" time="14.830"/>
  <system-out/>
</testsuite> <!-- tests.TC_006_ContactDeletingTest -->
